$$ make
/usr/bin/g++  -I/sw/include -c main.cpp
/usr/bin/g++  -o storpelcount.exe main.o -L/sw/lib -lgrace     
grace mkapp storpelcount
* Building storpelcount for Darwin.powerpc:
> Creating ./storpelcount.app... OK
> Installing executable... OK
> Installing rsrc/com.openpanel.apps.storpelcount.conf.xml... OK
> Installing rsrc/com.openpanel.apps.storpelcount.schema.xml... OK
> Installing rsrc/com.openpanel.apps.storpelcount.validator.xml... OK
> Installing rsrc/grace.runoptions.xml... OK
$$ ls -l
total 152
-rw-r--r--  1 pi  pi    471 Jun 26 22:57 Makefile
-rwxr-xr-x  1 pi  pi  18229 Jun 26 22:57 configure
-rw-r--r--  1 pi  pi     43 Jun 26 22:57 configure.in
-rw-r--r--  1 pi  pi    185 Jun 26 22:57 configure.paths
-rw-r--r--  1 pi  pi    293 Jun 26 22:57 main.cpp
-rw-r--r--  1 pi  pi   6496 Jun 26 22:57 main.o
-rw-r--r--  1 pi  pi    383 Jun 26 22:57 makeinclude
-rwxr-xr-x  1 pi  pi    126 Jun 26 22:57 makeinstall
-rw-r--r--  1 pi  pi     87 Jun 26 22:57 platform.h
drwxr-xr-x  6 pi  pi    204 Jun 26 22:57 rsrc
lrwxr-xr-x  1 pi  pi     21 Jun 26 22:57 storpelcount -> storpelcount.app/exec
drwxr-xr-x  4 pi  pi    136 Jun 26 22:57 storpelcount.app
-rwxr-xr-x  1 pi  pi  10472 Jun 26 22:57 storpelcount.exe
-rw-r--r--  1 pi  pi    485 Jun 26 22:57 storpelcount.h
$ 
